  Processing .\mod_RSsim.odl
  mod_RSsim.odl
  Processing C:\Program Files (x86)\Windows Kits\10\Include\10.0.22621.0\um\oaidl.idl
  oaidl.idl
  Processing C:\Program Files (x86)\Windows Kits\10\Include\10.0.22621.0\um\objidl.idl
  objidl.idl
  Processing C:\Program Files (x86)\Windows Kits\10\Include\10.0.22621.0\um\unknwn.idl
  unknwn.idl
  Processing C:\Program Files (x86)\Windows Kits\10\Include\10.0.22621.0\shared\wtypes.idl
  wtypes.idl
  Processing C:\Program Files (x86)\Windows Kits\10\Include\10.0.22621.0\shared\wtypesbase.idl
  wtypesbase.idl
  Processing C:\Program Files (x86)\Windows Kits\10\Include\10.0.22621.0\shared\basetsd.h
  basetsd.h
  Processing C:\Program Files (x86)\Windows Kits\10\Include\10.0.22621.0\shared\guiddef.h
  guiddef.h
  Processing C:\Program Files (x86)\Windows Kits\10\Include\10.0.22621.0\um\oaidl.acf
  oaidl.acf
  StdAfx.cpp
D:\DEVELOPMENT\1 WP\05 General\01 One Modbus Sim\New folder\ModRSsim2Source8.21.2.7_v7\code\src\ModRSsim2\DDKSocket.h(39,2): warning C4091: 'typedef ': ignored on left of 'dataDebugAttrib' when no variable is declared
  (compiling source file 'StdAfx.cpp')
  
  _README.CPP
  ABComms.cpp
  ABCommsProcessor.cpp
  About.cpp
  ActiveScriptHost.cpp
D:\DEVELOPMENT\1 WP\05 General\01 One Modbus Sim\New folder\ModRSsim2Source8.21.2.7_v7\code\src\ModRSsim2\ActiveScriptHost.cpp(350,47): warning C4838: conversion from 'int' to 'UINT' requires a narrowing conversion
  (compiling source file '/ActiveScriptHost.cpp')
  
  AdvEmulationDlg.cpp
  AnimationSettings.cpp
  CreditStatic.cpp
  CSVFileImportDlg.cpp
  CSVReader.cpp
  DDKSocket.cpp
  DDKSrvSocket.cpp
  EasterDlg.cpp
  EditMemoryDlg.cpp
  FaultsDlg.cpp
  FileEditCtrl.cpp
  htmloutput.cpp
  JoySCCEmulation.cpp
  MemoryEditorList.cpp
  MemWriteLock.cpp
  Generating Code...
  Compiling...
  message.cpp
  MOD232CommsProcessor.cpp
  mod_RSsim.cpp
D:\DEVELOPMENT\1 WP\05 General\01 One Modbus Sim\New folder\ModRSsim2Source8.21.2.7_v7\code\src\ModRSsim2\mod_RSsim.cpp(128,1): warning C4996: 'GetVersionExA': was declared deprecated
  (compiling source file '/mod_RSsim.cpp')
  
  mod_RSsimDlg.cpp
  MODEthCommsProcessor.cpp
D:\DEVELOPMENT\1 WP\05 General\01 One Modbus Sim\New folder\ModRSsim2Source8.21.2.7_v7\code\src\ModRSsim2\MODEthCommsProcessor.cpp(220,10): warning C4101: 'WriteStartAddress': unreferenced local variable
  (compiling source file '/MODEthCommsProcessor.cpp')
  
D:\DEVELOPMENT\1 WP\05 General\01 One Modbus Sim\New folder\ModRSsim2Source8.21.2.7_v7\code\src\ModRSsim2\MODEthCommsProcessor.cpp(213,10): warning C4101: 'WriteStartLow': unreferenced local variable
  (compiling source file '/MODEthCommsProcessor.cpp')
  
D:\DEVELOPMENT\1 WP\05 General\01 One Modbus Sim\New folder\ModRSsim2Source8.21.2.7_v7\code\src\ModRSsim2\MODEthCommsProcessor.cpp(212,10): warning C4101: 'WriteStartHigh': unreferenced local variable
  (compiling source file '/MODEthCommsProcessor.cpp')
  
D:\DEVELOPMENT\1 WP\05 General\01 One Modbus Sim\New folder\ModRSsim2Source8.21.2.7_v7\code\src\ModRSsim2\MODEthCommsProcessor.cpp(210,10): warning C4101: 'ReadLengthHigh': unreferenced local variable
  (compiling source file '/MODEthCommsProcessor.cpp')
  
D:\DEVELOPMENT\1 WP\05 General\01 One Modbus Sim\New folder\ModRSsim2Source8.21.2.7_v7\code\src\ModRSsim2\MODEthCommsProcessor.cpp(208,10): warning C4101: 'ReadStartHigh': unreferenced local variable
  (compiling source file '/MODEthCommsProcessor.cpp')
  
D:\DEVELOPMENT\1 WP\05 General\01 One Modbus Sim\New folder\ModRSsim2Source8.21.2.7_v7\code\src\ModRSsim2\MODEthCommsProcessor.cpp(217,10): warning C4101: 'WriteLengthHigh': unreferenced local variable
  (compiling source file '/MODEthCommsProcessor.cpp')
  
D:\DEVELOPMENT\1 WP\05 General\01 One Modbus Sim\New folder\ModRSsim2Source8.21.2.7_v7\code\src\ModRSsim2\MODEthCommsProcessor.cpp(216,10): warning C4101: 'WriteLengthLow': unreferenced local variable
  (compiling source file '/MODEthCommsProcessor.cpp')
  
D:\DEVELOPMENT\1 WP\05 General\01 One Modbus Sim\New folder\ModRSsim2Source8.21.2.7_v7\code\src\ModRSsim2\MODEthCommsProcessor.cpp(219,10): warning C4101: 'ReadStartAddress': unreferenced local variable
  (compiling source file '/MODEthCommsProcessor.cpp')
  
D:\DEVELOPMENT\1 WP\05 General\01 One Modbus Sim\New folder\ModRSsim2Source8.21.2.7_v7\code\src\ModRSsim2\MODEthCommsProcessor.cpp(211,10): warning C4101: 'ReadLengthLow': unreferenced local variable
  (compiling source file '/MODEthCommsProcessor.cpp')
  
D:\DEVELOPMENT\1 WP\05 General\01 One Modbus Sim\New folder\ModRSsim2Source8.21.2.7_v7\code\src\ModRSsim2\MODEthCommsProcessor.cpp(209,10): warning C4101: 'ReadStartLow': unreferenced local variable
  (compiling source file '/MODEthCommsProcessor.cpp')
  
D:\DEVELOPMENT\1 WP\05 General\01 One Modbus Sim\New folder\ModRSsim2Source8.21.2.7_v7\code\src\ModRSsim2\MODEthCommsProcessor.cpp(218,10): warning C4101: 'WriteDataWordCount': unreferenced local variable
  (compiling source file '/MODEthCommsProcessor.cpp')
  
D:\DEVELOPMENT\1 WP\05 General\01 One Modbus Sim\New folder\ModRSsim2Source8.21.2.7_v7\code\src\ModRSsim2\MODEthCommsProcessor.cpp(215,10): warning C4101: 'ReadDataWordCount': unreferenced local variable
  (compiling source file '/MODEthCommsProcessor.cpp')
  
D:\DEVELOPMENT\1 WP\05 General\01 One Modbus Sim\New folder\ModRSsim2Source8.21.2.7_v7\code\src\ModRSsim2\MODEthCommsProcessor.cpp(214,10): warning C4101: 'WriteDataByteCount': unreferenced local variable
  (compiling source file '/MODEthCommsProcessor.cpp')
  
  MyHostProxy.cpp
  PLCApplication.cpp
  RS232Noise.cpp
  RS232Port.cpp
  SelfRegistrationDlg.cpp
  serverRS232array.cpp
  ServerSettings232Dlg.cpp
  ServerSettingsEthDlg.cpp
  ServerSocketArray.cpp
  SimCmdLine.cpp
  simport.cpp
  Splash.cpp
  StarWarsCtrl.cpp
  stringcvt.cpp
  TrainingSimDlg.cpp
  Generating Code...
  Compiling...
  UpdateCheck.cpp
  UTIL.CPP
  Generating Code...
  ModRSsim2.vcxproj -> D:\DEVELOPMENT\1 WP\05 General\01 One Modbus Sim\New folder\ModRSsim2Source8.21.2.7_v7\code\src\ModRSsim2\Release\ModRSsim2.exe
